Build started 26.07.2016 04:23:35.
     1>Project "C:\Users\Orion\Documents\Visual Studio 2012\Projects\clientless\clientless\clientless.vcxproj" on node 2 (Build target(s)).
     1>ClCompile:
         C:\Program Files (x86)\Microsoft Visual Studio 11.0\VC\bin\CL.exe /c /ZI /nologo /W3 /WX- /sdl /Od /Oy- /D "WIN32" /D _DEBUG /D _CONSOLE /D _CRT_SECURE_NO_DEPRECATE /D _CRT_NONSTDC_NO_DEPRECATE /D "_UNICODE" /D "UNICODE" /Gm /EHsc /RTC1 /MDd /GS /fp:precise /Zc:wchar_t /Zc:forScope /Yu"stdafx.h" /Fp"Debug\clientless.pch" /Fo"Debug\\" /Fd"Debug\vc110.pdb" /FR"Debug\\" /Gd /TP /analyze- /errorReport:prompt Socket.cpp
         Socket.cpp
       Link:
         C:\Program Files (x86)\Microsoft Visual Studio 11.0\VC\bin\link.exe /ERRORREPORT:PROMPT /OUT:"C:\Users\Orion\Documents\Visual Studio 2012\Projects\clientless\Debug\clientless.exe" /INCREMENTAL /NOLOGO kernel32.lib user32.lib gdi32.lib winspool.lib comdlg32.lib advapi32.lib shell32.lib ole32.lib oleaut32.lib uuid.lib odbc32.lib odbccp32.lib /MANIFEST /MANIFESTUAC:"level='asInvoker' uiAccess='false'" /manifest:embed /DEBUG /PDB:"C:\Users\Orion\Documents\Visual Studio 2012\Projects\clientless\Debug\clientless.pdb" /SUBSYSTEM:CONSOLE /TLBID:1 /DYNAMICBASE /NXCOMPAT /IMPLIB:"C:\Users\Orion\Documents\Visual Studio 2012\Projects\clientless\Debug\clientless.lib" /MACHINE:X86 Debug\Apr.obj
         Debug\clientless.obj
         "Debug\IniReader.obj"
         Debug\JvCryption.obj
         Debug\ShoppingMallHandler.obj
         Debug\LoginHandler.obj
         Debug\Main.obj
         Debug\Socket.obj
         Debug\stdafx.obj
         Debug\Thread.obj
         Debug\User.obj
         clientless.vcxproj -> C:\Users\Orion\Documents\Visual Studio 2012\Projects\clientless\Debug\clientless.exe
       BscMake:
         C:\Program Files (x86)\Microsoft Visual Studio 11.0\VC\bin\bscmake.exe /nologo /o"C:\Users\Orion\Documents\Visual Studio 2012\Projects\clientless\Debug\clientless.bsc" /n Debug\Apr.sbr Debug\clientless.sbr "Debug\IniReader.sbr" Debug\JvCryption.sbr Debug\ShoppingMallHandler.sbr Debug\LoginHandler.sbr Debug\Main.sbr Debug\Socket.sbr Debug\stdafx.sbr Debug\Thread.sbr Debug\User.sbr
     1>Done Building Project "C:\Users\Orion\Documents\Visual Studio 2012\Projects\clientless\clientless\clientless.vcxproj" (Build target(s)).

Build succeeded.

Time Elapsed 00:00:06.76
