C:\USERS\ORION\DOCUMENTS\VISUAL STUDIO 2012\PROJECTS\CLIENTLESS\DEBUG\CLIENTLESS.BSC
C:\USERS\ORION\DOCUMENTS\VISUAL STUDIO 2012\PROJECTS\CLIENTLESS\CLIENTLESS\DEBUG\CLIENTLESS.PCH
C:\USERS\ORION\DOCUMENTS\VISUAL STUDIO 2012\PROJECTS\CLIENTLESS\CLIENTLESS\DEBUG\STDAFX.SBR
C:\USERS\ORION\DOCUMENTS\VISUAL STUDIO 2012\PROJECTS\CLIENTLESS\CLIENTLESS\DEBUG\STDAFX.OBJ
C:\USERS\ORION\DOCUMENTS\VISUAL STUDIO 2012\PROJECTS\CLIENTLESS\CLIENTLESS\DEBUG\VC110.PDB
C:\USERS\ORION\DOCUMENTS\VISUAL STUDIO 2012\PROJECTS\CLIENTLESS\CLIENTLESS\DEBUG\USER.SBR
C:\USERS\ORION\DOCUMENTS\VISUAL STUDIO 2012\PROJECTS\CLIENTLESS\CLIENTLESS\DEBUG\THREAD.SBR
C:\USERS\ORION\DOCUMENTS\VISUAL STUDIO 2012\PROJECTS\CLIENTLESS\CLIENTLESS\DEBUG\SOCKET.SBR
C:\USERS\ORION\DOCUMENTS\VISUAL STUDIO 2012\PROJECTS\CLIENTLESS\CLIENTLESS\DEBUG\MAIN.SBR
C:\USERS\ORION\DOCUMENTS\VISUAL STUDIO 2012\PROJECTS\CLIENTLESS\CLIENTLESS\DEBUG\LOGINHANDLER.SBR
C:\USERS\ORION\DOCUMENTS\VISUAL STUDIO 2012\PROJECTS\CLIENTLESS\CLIENTLESS\DEBUG\SHOPPINGMALLHANDLER.SBR
C:\USERS\ORION\DOCUMENTS\VISUAL STUDIO 2012\PROJECTS\CLIENTLESS\CLIENTLESS\DEBUG\JVCRYPTION.SBR
C:\USERS\ORION\DOCUMENTS\VISUAL STUDIO 2012\PROJECTS\CLIENTLESS\CLIENTLESS\DEBUG\INIREADER.SBR
C:\USERS\ORION\DOCUMENTS\VISUAL STUDIO 2012\PROJECTS\CLIENTLESS\CLIENTLESS\DEBUG\CLIENTLESS.SBR
C:\USERS\ORION\DOCUMENTS\VISUAL STUDIO 2012\PROJECTS\CLIENTLESS\CLIENTLESS\DEBUG\APR.SBR
C:\USERS\ORION\DOCUMENTS\VISUAL STUDIO 2012\PROJECTS\CLIENTLESS\CLIENTLESS\DEBUG\APR.OBJ
C:\USERS\ORION\DOCUMENTS\VISUAL STUDIO 2012\PROJECTS\CLIENTLESS\CLIENTLESS\DEBUG\CLIENTLESS.OBJ
C:\USERS\ORION\DOCUMENTS\VISUAL STUDIO 2012\PROJECTS\CLIENTLESS\CLIENTLESS\DEBUG\INIREADER.OBJ
C:\USERS\ORION\DOCUMENTS\VISUAL STUDIO 2012\PROJECTS\CLIENTLESS\CLIENTLESS\DEBUG\JVCRYPTION.OBJ
C:\USERS\ORION\DOCUMENTS\VISUAL STUDIO 2012\PROJECTS\CLIENTLESS\CLIENTLESS\DEBUG\SHOPPINGMALLHANDLER.OBJ
C:\USERS\ORION\DOCUMENTS\VISUAL STUDIO 2012\PROJECTS\CLIENTLESS\CLIENTLESS\DEBUG\LOGINHANDLER.OBJ
C:\USERS\ORION\DOCUMENTS\VISUAL STUDIO 2012\PROJECTS\CLIENTLESS\CLIENTLESS\DEBUG\MAIN.OBJ
C:\USERS\ORION\DOCUMENTS\VISUAL STUDIO 2012\PROJECTS\CLIENTLESS\CLIENTLESS\DEBUG\SOCKET.OBJ
C:\USERS\ORION\DOCUMENTS\VISUAL STUDIO 2012\PROJECTS\CLIENTLESS\CLIENTLESS\DEBUG\THREAD.OBJ
C:\USERS\ORION\DOCUMENTS\VISUAL STUDIO 2012\PROJECTS\CLIENTLESS\CLIENTLESS\DEBUG\USER.OBJ
C:\USERS\ORION\DOCUMENTS\VISUAL STUDIO 2012\PROJECTS\CLIENTLESS\DEBUG\CLIENTLESS.ILK
C:\USERS\ORION\DOCUMENTS\VISUAL STUDIO 2012\PROJECTS\CLIENTLESS\DEBUG\CLIENTLESS.EXE
C:\USERS\ORION\DOCUMENTS\VISUAL STUDIO 2012\PROJECTS\CLIENTLESS\DEBUG\CLIENTLESS.PDB
C:\Users\Orion\Documents\Visual Studio 2012\Projects\clientless\clientless\Debug\Apr.obj
C:\Users\Orion\Documents\Visual Studio 2012\Projects\clientless\clientless\Debug\clientless.obj
C:\Users\Orion\Documents\Visual Studio 2012\Projects\clientless\clientless\Debug\IniReader.obj
C:\Users\Orion\Documents\Visual Studio 2012\Projects\clientless\clientless\Debug\JvCryption.obj
C:\Users\Orion\Documents\Visual Studio 2012\Projects\clientless\clientless\Debug\LoginHandler.obj
C:\Users\Orion\Documents\Visual Studio 2012\Projects\clientless\clientless\Debug\Main.obj
C:\Users\Orion\Documents\Visual Studio 2012\Projects\clientless\clientless\Debug\ShoppingMallHandler.obj
C:\Users\Orion\Documents\Visual Studio 2012\Projects\clientless\clientless\Debug\Socket.obj
C:\Users\Orion\Documents\Visual Studio 2012\Projects\clientless\clientless\Debug\stdafx.obj
C:\Users\Orion\Documents\Visual Studio 2012\Projects\clientless\clientless\Debug\Thread.obj
C:\Users\Orion\Documents\Visual Studio 2012\Projects\clientless\clientless\Debug\User.obj
C:\Users\Orion\Documents\Visual Studio 2012\Projects\clientless\clientless\Debug\BscMake.command.1.tlog
C:\Users\Orion\Documents\Visual Studio 2012\Projects\clientless\clientless\Debug\bscmake.read.1.tlog
C:\Users\Orion\Documents\Visual Studio 2012\Projects\clientless\clientless\Debug\BscMake.write.1.tlog
C:\Users\Orion\Documents\Visual Studio 2012\Projects\clientless\clientless\Debug\cl.command.1.tlog
C:\Users\Orion\Documents\Visual Studio 2012\Projects\clientless\clientless\Debug\CL.read.1.tlog
C:\Users\Orion\Documents\Visual Studio 2012\Projects\clientless\clientless\Debug\CL.write.1.tlog
C:\Users\Orion\Documents\Visual Studio 2012\Projects\clientless\clientless\Debug\link-cvtres.read.1.tlog
C:\Users\Orion\Documents\Visual Studio 2012\Projects\clientless\clientless\Debug\link-cvtres.write.1.tlog
C:\Users\Orion\Documents\Visual Studio 2012\Projects\clientless\clientless\Debug\link-rc.read.1.tlog
C:\Users\Orion\Documents\Visual Studio 2012\Projects\clientless\clientless\Debug\link-rc.write.1.tlog
C:\Users\Orion\Documents\Visual Studio 2012\Projects\clientless\clientless\Debug\link.command.1.tlog
C:\Users\Orion\Documents\Visual Studio 2012\Projects\clientless\clientless\Debug\link.read.1.tlog
C:\Users\Orion\Documents\Visual Studio 2012\Projects\clientless\clientless\Debug\link.write.1.tlog
C:\Users\Orion\Documents\Visual Studio 2012\Projects\clientless\clientless\Debug\clientless.pch
C:\Users\Orion\Documents\Visual Studio 2012\Projects\clientless\clientless\Debug\vc110.idb
C:\Users\Orion\Documents\Visual Studio 2012\Projects\clientless\clientless\Debug\vc110.pdb
C:\Users\Orion\Documents\Visual Studio 2012\Projects\clientless\clientless\Debug\Apr.sbr
C:\Users\Orion\Documents\Visual Studio 2012\Projects\clientless\clientless\Debug\clientless.sbr
C:\Users\Orion\Documents\Visual Studio 2012\Projects\clientless\clientless\Debug\IniReader.sbr
C:\Users\Orion\Documents\Visual Studio 2012\Projects\clientless\clientless\Debug\JvCryption.sbr
C:\Users\Orion\Documents\Visual Studio 2012\Projects\clientless\clientless\Debug\LoginHandler.sbr
C:\Users\Orion\Documents\Visual Studio 2012\Projects\clientless\clientless\Debug\Main.sbr
C:\Users\Orion\Documents\Visual Studio 2012\Projects\clientless\clientless\Debug\ShoppingMallHandler.sbr
C:\Users\Orion\Documents\Visual Studio 2012\Projects\clientless\clientless\Debug\Socket.sbr
C:\Users\Orion\Documents\Visual Studio 2012\Projects\clientless\clientless\Debug\stdafx.sbr
C:\Users\Orion\Documents\Visual Studio 2012\Projects\clientless\clientless\Debug\Thread.sbr
C:\Users\Orion\Documents\Visual Studio 2012\Projects\clientless\clientless\Debug\User.sbr
C:\Users\Orion\Documents\Visual Studio 2012\Projects\clientless\Debug\clientless.pdb
C:\Users\Orion\Documents\Visual Studio 2012\Projects\clientless\Debug\clientless.exe
C:\Users\Orion\Documents\Visual Studio 2012\Projects\clientless\Debug\clientless.bsc
C:\Users\Orion\Documents\Visual Studio 2012\Projects\clientless\Debug\clientless.ilk
